<?xml version="1.0" encoding="UTF-8"?>
<!-- Generated by org.testng.reporters.JUnitReportReporter -->
<testsuite hostname="LAPTOP-6RQ1AS2M" failures="0" tests="1" name="Selenium4.Create_More_Test" time="1.921" errors="0" timestamp="2023-01-25T17:52:13 IST" skipped="0">
  <testcase classname="Selenium4.Create_More_Test" name="Tc12" time="1.921"/>
  <system-out/>
</testsuite> <!-- Selenium4.Create_More_Test -->
