<?xml version="1.0" encoding="UTF-8"?>
<!-- Generated by org.testng.reporters.JUnitReportReporter -->
<testsuite hostname="LAPTOP-6RQ1AS2M" failures="0" tests="1" name="Selenium4.Create_Document_Test" time="5.302" errors="0" timestamp="2023-01-25T13:15:58 IST" skipped="0">
  <testcase classname="Selenium4.Create_Document_Test" name="Tc08" time="5.302"/>
  <system-out/>
</testsuite> <!-- Selenium4.Create_Document_Test -->
