<?xml version="1.0" encoding="UTF-8"?>
<!-- Generated by org.testng.reporters.JUnitReportReporter -->
<testsuite hostname="LAPTOP-6RQ1AS2M" failures="0" tests="1" name="Selenium4.leads_test" time="5.364" errors="0" timestamp="2023-01-24T15:59:31 IST" skipped="0">
  <testcase classname="Selenium4.leads_test" name="TC01" time="5.364"/>
  <system-out/>
</testsuite> <!-- Selenium4.leads_test -->
