<?xml version="1.0" encoding="UTF-8"?>
<!-- Generated by org.testng.reporters.JUnitReportReporter -->
<testsuite hostname="LAPTOP-6RQ1AS2M" failures="0" tests="1" name="Selenium4.CreateContact_test" time="5.838" errors="0" timestamp="2023-01-25T10:37:15 IST" skipped="0">
  <testcase classname="Selenium4.CreateContact_test" name="TC05" time="5.838"/>
  <system-out/>
</testsuite> <!-- Selenium4.CreateContact_test -->
