<?xml version="1.0" encoding="UTF-8"?>
<!-- Generated by org.testng.reporters.JUnitReportReporter -->
<testsuite hostname="LAPTOP-6RQ1AS2M" failures="0" tests="1" name="Selenium4.Create_Product_Test" time="4.991" errors="0" timestamp="2023-01-25T12:34:13 IST" skipped="0">
  <testcase classname="Selenium4.Create_Product_Test" name="TC07" time="4.991"/>
  <system-out/>
</testsuite> <!-- Selenium4.Create_Product_Test -->
