<?xml version="1.0" encoding="UTF-8"?>
<!-- Generated by org.testng.reporters.JUnitReportReporter -->
<testsuite hostname="LAPTOP-6RQ1AS2M" failures="0" tests="1" name="Selenium4.List_leads" time="8.530" errors="0" timestamp="2023-01-24T15:22:03 IST" skipped="0">
  <testcase classname="Selenium4.List_leads" name="TC02" time="8.530"/>
  <system-out/>
</testsuite> <!-- Selenium4.List_leads -->
