<?xml version="1.0" encoding="UTF-8"?>
<!-- Generated by org.testng.reporters.JUnitReportReporter -->
<testsuite hostname="LAPTOP-6RQ1AS2M" failures="0" tests="1" name="Selenium4.Launching_vTiger" time="0.022" errors="0" timestamp="2023-01-24T17:30:49 IST" skipped="0">
  <testcase classname="Selenium4.Launching_vTiger" name="TC02" time="0.022"/>
  <system-out/>
</testsuite> <!-- Selenium4.Launching_vTiger -->
