<?xml version="1.0" encoding="UTF-8"?>
<!-- Generated by org.testng.reporters.JUnitReportReporter -->
<testsuite hostname="LAPTOP-6RQ1AS2M" failures="0" tests="1" name="Selenium4.Delete_Organization_test" time="1.998" errors="0" timestamp="2023-01-24T17:30:14 IST" skipped="0">
  <testcase classname="Selenium4.Delete_Organization_test" name="TC03" time="1.998"/>
  <system-out/>
</testsuite> <!-- Selenium4.Delete_Organization_test -->
