<?xml version="1.0" encoding="UTF-8"?>
<!-- Generated by org.testng.reporters.JUnitReportReporter -->
<testsuite hostname="LAPTOP-6RQ1AS2M" failures="0" tests="1" name="Selenium4.Create_Organizations_test" time="3.285" errors="0" timestamp="2023-01-24T16:16:06 IST" skipped="0">
  <testcase classname="Selenium4.Create_Organizations_test" name="TC02" time="3.285"/>
  <system-out/>
</testsuite> <!-- Selenium4.Create_Organizations_test -->
