<?xml version="1.0" encoding="UTF-8"?>
<!-- Generated by org.testng.reporters.JUnitReportReporter -->
<testsuite hostname="LAPTOP-6RQ1AS2M" failures="0" tests="1" name="Selenium4.Create_Dashboard_Test" time="2.395" errors="0" timestamp="2023-01-25T17:13:35 IST" skipped="0">
  <testcase classname="Selenium4.Create_Dashboard_Test" name="Tc11" time="2.395"/>
  <system-out/>
</testsuite> <!-- Selenium4.Create_Dashboard_Test -->
