<?xml version="1.0" encoding="UTF-8"?>
<!-- Generated by org.testng.reporters.JUnitReportReporter -->
<testsuite hostname="LAPTOP-6RQ1AS2M" failures="0" tests="1" name="Selenium4.Create_Trouble_Ticket_Test" time="5.018" errors="0" timestamp="2023-01-25T15:49:27 IST" skipped="0">
  <testcase classname="Selenium4.Create_Trouble_Ticket_Test" name="Tc10" time="5.018"/>
  <system-out/>
</testsuite> <!-- Selenium4.Create_Trouble_Ticket_Test -->
